<?xml version="1.0" encoding="UTF-8"?>
<!-- Generated by org.testng.reporters.JUnitXMLReporter -->
<testsuite hostname="Adels-MacBook-Pro.local" ignored="0" name="Default test" tests="6" failures="0" timestamp="11 Jul 2021 15:21:08 GMT" time="39.669" errors="0">
  <testcase name="RegisterAnAccountSuccessfully" time="10.598" classname="tests.RegisterAnAccount"/>
  <testcase name="AddItemFromSearch" time="4.943" classname="tests.RegisterAnAccount"/>
  <testcase name="AddItemFromWomenCategory" time="5.64" classname="tests.RegisterAnAccount"/>
  <testcase name="AddItemFromTshirts" time="6.009" classname="tests.RegisterAnAccount"/>
  <testcase name="verifyItemIsDeleted" time="5.076" classname="tests.RegisterAnAccount"/>
  <testcase name="verifyUserCanCheckout" time="7.385" classname="tests.RegisterAnAccount"/>
</testsuite> <!-- Default test -->
